[14:02:54] [main/INFO] (FabricLoader/GameProvider) Loading Minecraft 1.20.1 with Fabric Loader 0.15.7
[14:02:55] [main/INFO] (FabricLoader) Dependencies overridden for forgeconfigapiport
[14:02:55] [main/INFO] (FabricLoader) Loading 94 mods:
	- create 0.5.1-f-build.1335+mc1.20.1
	- dripstone_fluid_lib 3.0.2
	- fabric-api 0.92.0+1.20.1
	- fabric-api-base 0.4.31+1802ada577
	- fabric-api-lookup-api-v1 1.6.36+1802ada577
	- fabric-biome-api-v1 13.0.13+1802ada577
	- fabric-block-api-v1 1.0.11+1802ada577
	- fabric-block-view-api-v2 1.0.1+1802ada577
	- fabric-blockrenderlayer-v1 1.1.41+1802ada577
	- fabric-client-tags-api-v1 1.1.2+1802ada577
	- fabric-command-api-v1 1.2.34+f71b366f77
	- fabric-command-api-v2 2.2.13+1802ada577
	- fabric-commands-v0 0.2.51+df3654b377
	- fabric-containers-v0 0.1.64+df3654b377
	- fabric-content-registries-v0 4.0.11+1802ada577
	- fabric-convention-tags-v1 1.5.5+1802ada577
	- fabric-crash-report-info-v1 0.2.19+1802ada577
	- fabric-data-attachment-api-v1 1.0.0+de0fd6d177
	- fabric-data-generation-api-v1 12.3.4+1802ada577
	- fabric-dimensions-v1 2.1.54+1802ada577
	- fabric-entity-events-v1 1.6.0+1c78457f77
	- fabric-events-interaction-v0 0.6.2+1802ada577
	- fabric-events-lifecycle-v0 0.2.63+df3654b377
	- fabric-game-rule-api-v1 1.0.40+1802ada577
	- fabric-gametest-api-v1 1.2.13+1802ada577
	- fabric-item-api-v1 2.1.28+1802ada577
	- fabric-item-group-api-v1 4.0.12+1802ada577
	- fabric-key-binding-api-v1 1.0.37+1802ada577
	- fabric-keybindings-v0 0.2.35+df3654b377
	- fabric-lifecycle-events-v1 2.2.22+1802ada577
	- fabric-loot-api-v2 1.2.1+1802ada577
	- fabric-loot-tables-v1 1.1.45+9e7660c677
	- fabric-message-api-v1 5.1.9+1802ada577
	- fabric-mining-level-api-v1 2.1.50+1802ada577
	- fabric-model-loading-api-v1 1.0.3+1802ada577
	- fabric-models-v0 0.4.2+9386d8a777
	- fabric-networking-api-v1 1.3.11+1802ada577
	- fabric-networking-v0 0.3.51+df3654b377
	- fabric-object-builder-api-v1 11.1.3+1802ada577
	- fabric-particles-v1 1.1.2+1802ada577
	- fabric-recipe-api-v1 1.0.21+1802ada577
	- fabric-registry-sync-v0 2.3.3+1802ada577
	- fabric-renderer-api-v1 3.2.1+1802ada577
	- fabric-renderer-indigo 1.5.1+1802ada577
	- fabric-renderer-registries-v1 3.2.46+df3654b377
	- fabric-rendering-data-attachment-v1 0.3.37+92a0d36777
	- fabric-rendering-fluids-v1 3.0.28+1802ada577
	- fabric-rendering-v0 1.1.49+df3654b377
	- fabric-rendering-v1 3.0.8+1802ada577
	- fabric-resource-conditions-api-v1 2.3.8+1802ada577
	- fabric-resource-loader-v0 0.11.10+1802ada577
	- fabric-screen-api-v1 2.0.8+1802ada577
	- fabric-screen-handler-api-v1 1.3.30+1802ada577
	- fabric-sound-api-v1 1.0.13+1802ada577
	- fabric-transfer-api-v1 3.3.4+1802ada577
	- fabric-transitive-access-wideners-v1 4.3.1+1802ada577
	- fabricloader 0.15.7
	- flywheel 0.6.10-2
	- forgeconfigapiport 8.0.0
	- jade 11.8.0
	- java 17
	- jei 15.3.0.4
	- lazydfu 0.1.3
	- milk 1.2.60
	- minecraft 1.20.1
	- mixinextras 0.3.5
	- modmenu 7.2.2
	- mousetweaks 2.26
	- porting_lib_accessors 2.3.0+1.20.1
	- porting_lib_attributes 2.3.0+1.20.1
	- porting_lib_base 2.3.0+1.20.1
	- porting_lib_brewing 2.3.0+1.20.1
	- porting_lib_client_events 2.3.0+1.20.1
	- porting_lib_common 2.3.0+1.20.1
	- porting_lib_core 2.3.0+1.20.1
	- porting_lib_data 2.1.1090+1.20
	- porting_lib_entity 2.3.0+1.20.1
	- porting_lib_extensions 2.3.0+1.20.1
	- porting_lib_fluids 2.3.0+1.20.1
	- porting_lib_lazy_registration 2.3.0+1.20.1
	- porting_lib_mixin_extensions 2.3.0+1.20.1
	- porting_lib_model_generators 2.1.1090+1.20
	- porting_lib_model_loader 2.3.0+1.20.1
	- porting_lib_model_materials 2.1.1090+1.20
	- porting_lib_models 2.3.0+1.20.1
	- porting_lib_networking 2.3.0+1.20.1
	- porting_lib_obj_loader 2.3.0+1.20.1
	- porting_lib_tags 3.0
	- porting_lib_tool_actions 2.3.0+1.20.1
	- porting_lib_transfer 2.3.0+1.20.1
	- porting_lib_utility 2.3.0+1.20.1
	- reach-entity-attributes 2.4.0
	- registrate-fabric 1.3.62-MC1.20.1
	- undustrialized 0.0.1+1.20.1
[14:03:02] [main/INFO] (FabricLoader/Mixin) SpongePowered MIXIN Subsystem Version=0.8.5 Source=file:/C:/Users/Tyas%20Dean/.gradle/caches/modules-2/files-2.1/net.fabricmc/sponge-mixin/0.12.5+mixin.0.8.5/8d31fb97c3e0cd7c8dad3441851c523bcfae6d8e/sponge-mixin-0.12.5+mixin.0.8.5.jar Service=Knot/Fabric Env=CLIENT
[14:03:02] [main/INFO] (FabricLoader/Mixin) Loaded Fabric development mappings for mixin remapper!
[14:03:02] [main/INFO] (FabricLoader/Mixin) Compatibility level set to JAVA_16
[14:03:02] [main/INFO] (FabricLoader/Mixin) Compatibility level set to JAVA_17
[14:03:03] [main/WARN] (FabricLoader/Mixin) Error loading class: io/vram/frex/base/renderer/context/render/EntityBlockRenderContext (java.lang.ClassNotFoundException: io/vram/frex/base/renderer/context/render/EntityBlockRenderContext)
[14:03:03] [main/WARN] (FabricLoader/Mixin) @Mixin target io.vram.frex.base.renderer.context.render.EntityBlockRenderContext was not found porting_lib_base.mixins.json:client.frex.EntityBlockRenderContextMixin from mod porting_lib_base
[14:03:04] [main/INFO] (FabricLoader/MixinExtras|Service) Initializing MixinExtras via com.llamalad7.mixinextras.service.MixinExtrasServiceImpl(version=0.3.5).
[14:03:10] [main/WARN] (FabricLoader/Mixin) @Inject(@At("INVOKE")) Shift.BY=2 on porting_lib_entity.mixins.json:common.LivingEntityMixin from mod porting_lib_entity::handler$bbi000$porting_lib_entity$port_lib$onFinishUsing exceeds the maximum allowed value: 0. Increase the value of maxShiftBy to suppress this warning.
[14:03:22] [Render thread/INFO] (Minecraft) Environment: authHost='https://authserver.mojang.com', accountsHost='https://api.mojang.com', sessionHost='https://sessionserver.mojang.com', servicesHost='https://api.minecraftservices.com', name='PROD'
[14:03:22] [Render thread/ERROR] (Minecraft) Failed to verify authentication
com.mojang.authlib.exceptions.InvalidCredentialsException: Status: 401
	at com.mojang.authlib.exceptions.MinecraftClientHttpException.toAuthenticationException(MinecraftClientHttpException.java:56) ~[authlib-4.0.43.jar:?]
	at com.mojang.authlib.yggdrasil.YggdrasilUserApiService.fetchProperties(YggdrasilUserApiService.java:156) ~[authlib-4.0.43.jar:?]
	at com.mojang.authlib.yggdrasil.YggdrasilUserApiService.<init>(YggdrasilUserApiService.java:55) ~[authlib-4.0.43.jar:?]
	at com.mojang.authlib.yggdrasil.YggdrasilAuthenticationService.createUserApiService(YggdrasilAuthenticationService.java:124) ~[authlib-4.0.43.jar:?]
	at net.minecraft.client.Minecraft.createUserApiService(Minecraft.java:754) ~[minecraft-merged-40097af4bc-1.20.1-loom.mappings.1_20_1.layered+hash.1413087746-v2.jar:?]
	at net.minecraft.client.Minecraft.<init>(Minecraft.java:519) ~[minecraft-merged-40097af4bc-1.20.1-loom.mappings.1_20_1.layered+hash.1413087746-v2.jar:?]
	at net.minecraft.client.main.Main.main(Main.java:194) ~[minecraft-merged-40097af4bc-1.20.1-loom.mappings.1_20_1.layered+hash.1413087746-v2.jar:?]
	at net.fabricmc.loader.impl.game.minecraft.MinecraftGameProvider.launch(MinecraftGameProvider.java:470) ~[fabric-loader-0.15.7.jar:?]
	at net.fabricmc.loader.impl.launch.knot.Knot.launch(Knot.java:74) ~[fabric-loader-0.15.7.jar:?]
	at net.fabricmc.loader.impl.launch.knot.KnotClient.main(KnotClient.java:23) ~[fabric-loader-0.15.7.jar:?]
	at net.fabricmc.devlaunchinjector.Main.main(Main.java:86) ~[dev-launch-injector-0.2.1+build.8.jar:?]
Caused by: com.mojang.authlib.exceptions.MinecraftClientHttpException: Status: 401
	at com.mojang.authlib.minecraft.client.MinecraftClient.readInputStream(MinecraftClient.java:85) ~[authlib-4.0.43.jar:?]
	at com.mojang.authlib.minecraft.client.MinecraftClient.get(MinecraftClient.java:48) ~[authlib-4.0.43.jar:?]
	at com.mojang.authlib.yggdrasil.YggdrasilUserApiService.fetchProperties(YggdrasilUserApiService.java:129) ~[authlib-4.0.43.jar:?]
	... 9 more
[14:03:22] [Render thread/INFO] (Minecraft) Setting user: Player755
[14:03:29] [Render thread/INFO] (Create: Undustrialized) Registering Mod Items forundustrialized
[14:03:29] [Render thread/INFO] (Create: Undustrialized) Create addon mod [Create: Undustrialized] is loading alongside Create [0.5.1f]!
[14:03:29] [Render thread/INFO] (Create: Undustrialized) Create: Undustrialized is accessing Porting Lib from the client!
[14:03:30] [Render thread/INFO] (Backend) No shaders mod detected.
[14:03:30] [Render thread/INFO] (Indigo) [Indigo] Registering Indigo renderer!
[14:03:30] [Worker-Main-1/INFO] (Mod Menu/Update Checker) Checking mod updates...
[14:03:31] [Render thread/INFO] (Minecraft) [STDOUT]: [Mouse Tweaks] Main.initialize()
[14:03:31] [Render thread/INFO] (Minecraft) [STDOUT]: [Mouse Tweaks] Initialized.
[14:03:31] [Render thread/INFO] (PluginCaller) Sending ConfigManager...
[14:03:31] [Render thread/INFO] (PluginCaller) Sending ConfigManager took 5.543 ms
[14:03:32] [Render thread/INFO] (Minecraft) Backend library: LWJGL version 3.3.1 SNAPSHOT
[14:03:34] [Render thread/INFO] (Minecraft) Reloading ResourceManager: vanilla, fabric (fabric-screen-api-v1, fabric-message-api-v1, fabric-convention-tags-v1, fabric-item-api-v1, fabric-command-api-v2, fabric-events-lifecycle-v0, fabric-commands-v0, fabricloader, fabric-resource-loader-v0, fabric-networking-v0, fabric-mining-level-api-v1, fabric-block-view-api-v2, fabric-loot-tables-v1, porting_lib_tags, fabric-biome-api-v1, porting_lib_model_materials, fabric-recipe-api-v1, forgeconfigapiport, fabric-lifecycle-events-v1, fabric-model-loading-api-v1, porting_lib_attributes, porting_lib_model_generators, fabric-command-api-v1, dripstone_fluid_lib, fabric-dimensions-v1, create, fabric-events-interaction-v0, flywheel, fabric-key-binding-api-v1, porting_lib_base, fabric-entity-events-v1, fabric-rendering-v1, fabric-networking-api-v1, fabric-renderer-api-v1, registrate-fabric, reach-entity-attributes, fabric-data-generation-api-v1, fabric-screen-handler-api-v1, fabric-block-api-v1, fabric-object-builder-api-v1, fabric-item-group-api-v1, milk, porting_lib_data, fabric-api-lookup-api-v1, fabric-models-v0, lazydfu, fabric-containers-v0, fabric-renderer-indigo, fabric-transfer-api-v1, fabric-blockrenderlayer-v1, fabric-api-base, modmenu, fabric-particles-v1, fabric-renderer-registries-v1, fabric-game-rule-api-v1, fabric-gametest-api-v1, fabric-resource-conditions-api-v1, fabric-api, fabric-loot-api-v2, fabric-rendering-data-attachment-v1, fabric-content-registries-v0, fabric-rendering-fluids-v1, jade, fabric-client-tags-api-v1, fabric-registry-sync-v0, fabric-data-attachment-api-v1, fabric-keybindings-v0, undustrialized, fabric-transitive-access-wideners-v1, fabric-rendering-v0, fabric-crash-report-info-v1, jei, fabric-sound-api-v1)
[14:03:35] [Worker-Main-10/INFO] (Minecraft) Found unifont_all_no_pua-15.0.06.hex, loading
[14:03:35] [Render thread/INFO] (Create: Undustrialized) Hello from Create: Undustrialized
[14:03:35] [Render thread/INFO] (Jade) Start loading plugin from Jade
[14:03:35] [Render thread/INFO] (Jade) Start loading plugin from Jade
[14:03:35] [Realms Notification Availability checker #1/INFO] (Minecraft) Could not authorize you against Realms server: Invalid session id
[14:03:35] [Render thread/INFO] (Jade) Start loading plugin from Jade
[14:03:38] [Worker-Main-9/WARN] (Minecraft) Unable to load model: 'undustrialized:crushed_bauxite#inventory' referenced from: undustrialized:crushed_bauxite#inventory: java.io.FileNotFoundException: undustrialized:models/item/crushed_bauxite.json
[14:03:38] [Worker-Main-9/WARN] (Minecraft) Unable to load model: 'undustrialized:aluminium_hydroxide#inventory' referenced from: undustrialized:aluminium_hydroxide#inventory: java.io.FileNotFoundException: undustrialized:models/item/aluminium_hydroxide.json
[14:03:38] [Worker-Main-9/WARN] (Minecraft) Unable to load model: 'undustrialized:seeded_aluminous_sludge#inventory' referenced from: undustrialized:seeded_aluminous_sludge#inventory: java.io.FileNotFoundException: undustrialized:models/item/seeded_aluminous_sludge.json
[14:03:38] [Worker-Main-9/WARN] (Minecraft) Unable to load model: 'undustrialized:thermite#inventory' referenced from: undustrialized:thermite#inventory: java.io.FileNotFoundException: undustrialized:models/item/thermite.json
[14:03:38] [Worker-Main-9/WARN] (Minecraft) Unable to load model: 'undustrialized:steel_pipe#inventory' referenced from: undustrialized:steel_pipe#inventory: java.io.FileNotFoundException: undustrialized:models/item/steel_pipe.json
[14:03:40] [Render thread/WARN] (Minecraft) Missing sound for event: minecraft:item.goat_horn.play
[14:03:40] [Render thread/WARN] (Minecraft) Missing sound for event: minecraft:entity.goat.screaming.horn_break
[14:03:40] [Render thread/INFO] (Minecraft) OpenAL initialized on device OpenAL Soft on Hoofdtelefoon (Realtek(R) Audio)
[14:03:40] [Render thread/INFO] (Minecraft) Sound engine started
[14:03:40] [Render thread/INFO] (Minecraft) Created: 2048x1024x4 minecraft:textures/atlas/blocks.png-atlas
[14:03:40] [Render thread/INFO] (Minecraft) Created: 256x256x4 minecraft:textures/atlas/signs.png-atlas
[14:03:40] [Render thread/INFO] (Minecraft) Created: 512x512x4 minecraft:textures/atlas/banner_patterns.png-atlas
[14:03:40] [Render thread/INFO] (Minecraft) Created: 512x512x4 minecraft:textures/atlas/shield_patterns.png-atlas
[14:03:40] [Render thread/INFO] (Minecraft) Created: 1024x1024x4 minecraft:textures/atlas/armor_trims.png-atlas
[14:03:40] [Render thread/INFO] (Minecraft) Created: 256x256x4 minecraft:textures/atlas/chest.png-atlas
[14:03:40] [Render thread/INFO] (Minecraft) Created: 128x64x4 minecraft:textures/atlas/decorated_pot.png-atlas
[14:03:40] [Render thread/INFO] (Minecraft) Created: 512x256x4 minecraft:textures/atlas/shulker_boxes.png-atlas
[14:03:40] [Render thread/INFO] (Minecraft) Created: 512x256x4 minecraft:textures/atlas/beds.png-atlas
[14:03:41] [Render thread/WARN] (Minecraft) Shader rendertype_entity_translucent_emissive could not find sampler named Sampler2 in the specified shader program.
[14:03:41] [Render thread/INFO] (Minecraft) Created: 512x256x0 minecraft:textures/atlas/particles.png-atlas
[14:03:41] [Render thread/INFO] (Minecraft) Created: 256x256x0 minecraft:textures/atlas/paintings.png-atlas
[14:03:41] [Render thread/INFO] (Minecraft) Created: 128x128x0 minecraft:textures/atlas/mob_effects.png-atlas
[14:03:41] [Render thread/INFO] (Minecraft) Created: 256x128x0 jei:textures/atlas/gui.png-atlas
[14:03:41] [Render thread/INFO] (Backend) Loaded all shader sources.
[14:03:49] [Render thread/INFO] (Minecraft) Loaded 22 recipes
[14:03:49] [Render thread/INFO] (Minecraft) Loaded 2260 advancements
[14:03:51] [Render thread/INFO] (ClientLifecycleHandler) Stopping JEI
[14:03:51] [Render thread/INFO] (JeiStarter) Stopping JEI
[14:03:51] [Render thread/INFO] (PluginCaller) Sending Runtime Unavailable...
[14:03:51] [Render thread/INFO] (FabricGuiPlugin) Stopping JEI GUI
[14:03:51] [Render thread/INFO] (PluginCaller) Sending Runtime Unavailable took 544.1 ?s
[14:03:51] [Render thread/INFO] (BiomeModificationImpl) Applied 111 biome modifications to 58 of 64 new biomes in 29.80 ms
[14:03:51] [Server thread/INFO] (Minecraft) Starting integrated minecraft server version 1.20.1
[14:03:51] [Server thread/INFO] (Minecraft) Generating keypair
[14:03:53] [Server thread/INFO] (Minecraft) Preparing start region for dimension minecraft:overworld
[14:03:57] [Render thread/INFO] (Minecraft) Preparing spawn area: 0%
[14:03:57] [Render thread/INFO] (Minecraft) Preparing spawn area: 0%
[14:03:57] [Render thread/INFO] (Minecraft) Preparing spawn area: 0%
[14:03:57] [Render thread/INFO] (Minecraft) Preparing spawn area: 0%
[14:03:57] [Render thread/INFO] (Minecraft) Preparing spawn area: 0%
[14:03:57] [Render thread/INFO] (Minecraft) Preparing spawn area: 0%
[14:03:57] [Render thread/INFO] (Minecraft) Preparing spawn area: 0%
[14:03:57] [Render thread/INFO] (Minecraft) Preparing spawn area: 0%
[14:03:57] [Render thread/INFO] (Minecraft) Preparing spawn area: 0%
[14:03:57] [Render thread/INFO] (Minecraft) Preparing spawn area: 4%
[14:03:58] [Render thread/INFO] (Minecraft) Preparing spawn area: 88%
[14:03:58] [Render thread/INFO] (Minecraft) Time elapsed: 5082 ms
[14:03:58] [Server thread/INFO] (Minecraft) Changing view distance to 2, from 10
[14:03:58] [Server thread/INFO] (Minecraft) Changing simulation distance to 5, from 0
[14:04:00] [Server thread/INFO] (Minecraft) Player755[local:E:3b31868d] logged in with entity id 176 at (-444.2415576834565, 108.0, 87.94733852860875)
[14:04:00] [Server thread/INFO] (Jade) Syncing config to Player755 (8dbdaed5-4750-31ee-aa4f-4c3b2bfbc6f7)
[14:04:00] [Server thread/INFO] (Minecraft) Player755 joined the game
[14:04:00] [Render thread/INFO] (BatchExecutor) Started 10 worker threads
[14:04:00] [Render thread/INFO] (Jade) Received config from the server: 
[14:04:00] [Render thread/INFO] (LoggedTimer) Starting JEI...
[14:04:00] [Render thread/INFO] (PluginCaller) Registering item subtypes...
[14:04:00] [Render thread/INFO] (PluginCaller) Registering item subtypes took 9.412 ms
[14:04:00] [Render thread/INFO] (PluginCaller) Registering fluid subtypes...
[14:04:00] [Render thread/INFO] (PluginCaller) Registering fluid subtypes took 7.581 ms
[14:04:00] [Render thread/INFO] (PluginCaller) Registering ingredients...
[14:04:00] [Render thread/INFO] (PluginCallerTimerRunnable) Registering ingredients: jei:minecraft took 116.5 milliseconds
[14:04:00] [Render thread/INFO] (PluginCaller) Registering ingredients took 118.1 ms
[14:04:01] [Render thread/INFO] (PluginCaller) Registering categories...
[14:04:01] [Render thread/INFO] (PluginCallerTimerRunnable) Registering categories: jei:minecraft took 79.20 milliseconds
[14:04:01] [Render thread/INFO] (PluginCallerTimerRunnable) Registering categories: create:jei_plugin took 136.8 milliseconds
[14:04:01] [Render thread/INFO] (PluginCaller) Registering categories took 221.6 ms
[14:04:01] [Render thread/INFO] (PluginCaller) Registering vanilla category extensions...
[14:04:01] [Render thread/INFO] (PluginCaller) Registering vanilla category extensions took 10.44 ms
[14:04:01] [Render thread/INFO] (PluginCaller) Registering recipe catalysts...
[14:04:01] [Render thread/INFO] (PluginCaller) Registering recipe catalysts took 3.296 ms
[14:04:01] [Render thread/INFO] (PluginCaller) Registering advanced plugins...
[14:04:01] [Render thread/INFO] (PluginCaller) Registering advanced plugins took 628.4 ?s
[14:04:01] [Render thread/INFO] (LoggedTimer) Building recipe registry...
[14:04:01] [Render thread/INFO] (LoggedTimer) Building recipe registry took 31.03 ms
[14:04:01] [Render thread/INFO] (PluginCaller) Registering recipes...
[14:04:01] [Render thread/INFO] (PluginCallerTimerRunnable) Registering recipes: jei:minecraft took 335.8 milliseconds
[14:04:01] [Render thread/INFO] (IngredientManager) Ingredients are being removed at runtime: 4 mezz.jei.api.fabric.ingredients.fluids.IJeiFluidIngredient
[14:04:01] [Render thread/INFO] (PluginCallerTimerRunnable) Registering recipes: create:jei_plugin took 233.7 milliseconds
[14:04:01] [Render thread/INFO] (PluginCaller) Registering recipes took 570.8 ms
[14:04:01] [Render thread/INFO] (PluginCaller) Registering recipes transfer handlers...
[14:04:01] [Render thread/INFO] (PluginCaller) Registering recipes transfer handlers took 10.02 ms
[14:04:01] [Render thread/INFO] (LoggedTimer) Building runtime...
[14:04:01] [Render thread/INFO] (PluginCaller) Registering gui handlers...
[14:04:01] [Render thread/INFO] (PluginCallerTimerRunnable) Registering gui handlers: jei:gui took 16.88 milliseconds
[14:04:01] [Render thread/INFO] (PluginCaller) Registering gui handlers took 29.40 ms
[14:04:01] [Render thread/INFO] (PluginCaller) Registering Runtime...
[14:04:01] [Render thread/INFO] (JeiGuiStarter) Starting JEI GUI
[14:04:01] [Render thread/INFO] (LoggedTimer) Building ingredient list...
[14:04:01] [Render thread/INFO] (LoggedTimer) Building ingredient list took 6.710 ms
[14:04:01] [Render thread/INFO] (LoggedTimer) Building ingredient filter...
[14:04:02] [Render thread/INFO] (IngredientFilter) Adding 2120 ingredients
[14:04:02] [Render thread/INFO] (IngredientFilter) Added 2120 ingredients
[14:04:02] [Render thread/INFO] (LoggedTimer) Building ingredient filter took 372.3 ms
[14:04:02] [Render thread/INFO] (PluginCallerTimerRunnable) Registering Runtime: jei:fabric_gui took 615.9 milliseconds
[14:04:02] [Render thread/INFO] (PluginCaller) Registering Runtime took 616.7 ms
[14:04:02] [Render thread/INFO] (LoggedTimer) Building runtime took 672.7 ms
[14:04:02] [Render thread/INFO] (PluginCaller) Sending Runtime...
[14:04:02] [Render thread/INFO] (PluginCaller) Sending Runtime took 576.1 ?s
[14:04:02] [Render thread/INFO] (LoggedTimer) Starting JEI took 1.815 s
[14:04:02] [Render thread/INFO] (Minecraft) Loaded 2 advancements
[14:04:03] [Server thread/INFO] (Minecraft) Saving and pausing game...
[14:04:03] [Server thread/INFO] (Minecraft) Saving chunks for level 'ServerLevel[Dev]'/minecraft:overworld
[14:04:04] [Server thread/INFO] (Minecraft) Saving chunks for level 'ServerLevel[Dev]'/minecraft:the_nether
[14:04:04] [Server thread/INFO] (Minecraft) Saving chunks for level 'ServerLevel[Dev]'/minecraft:the_end
[14:05:02] [Render thread/INFO] (Minecraft) [System] [CHAT] Unknown item 'minecraft:ud'
[14:05:02] [Render thread/INFO] (Minecraft) [System] [CHAT] ...Player755 ud<--[HERE]
[14:05:06] [Server thread/INFO] (Minecraft) [Player755: Gave 1 [Aluminium Hydroxide] to Player755]
[14:05:06] [Render thread/INFO] (Minecraft) [System] [CHAT] Gave 1 [Aluminium Hydroxide] to Player755
[14:05:06] [Render thread/INFO] (Minecraft) Loaded 7 advancements
[14:05:15] [Server thread/INFO] (Minecraft) Saving and pausing game...
[14:05:15] [Server thread/INFO] (Minecraft) Saving chunks for level 'ServerLevel[Dev]'/minecraft:overworld
[14:05:15] [Server thread/INFO] (Minecraft) Saving chunks for level 'ServerLevel[Dev]'/minecraft:the_nether
[14:05:15] [Server thread/INFO] (Minecraft) Saving chunks for level 'ServerLevel[Dev]'/minecraft:the_end
[14:05:16] [Render thread/INFO] (ClientLifecycleHandler) Stopping JEI
[14:05:16] [Render thread/INFO] (JeiStarter) Stopping JEI
[14:05:16] [Render thread/INFO] (PluginCaller) Sending Runtime Unavailable...
[14:05:16] [Render thread/INFO] (FabricGuiPlugin) Stopping JEI GUI
[14:05:16] [Render thread/INFO] (PluginCaller) Sending Runtime Unavailable took 479.8 ?s
[14:05:16] [Server thread/INFO] (Minecraft) Player755 lost connection: Disconnected
[14:05:16] [Server thread/INFO] (Minecraft) Player755 left the game
[14:05:16] [Server thread/INFO] (Minecraft) Stopping singleplayer server as player logged out
[14:05:16] [Server thread/INFO] (Minecraft) Stopping server
[14:05:16] [Server thread/INFO] (Minecraft) Saving players
[14:05:16] [Server thread/INFO] (Minecraft) Saving worlds
[14:05:17] [Server thread/INFO] (Minecraft) Saving chunks for level 'ServerLevel[Dev]'/minecraft:overworld
[14:05:17] [Server thread/INFO] (Minecraft) Saving chunks for level 'ServerLevel[Dev]'/minecraft:the_nether
[14:05:17] [Server thread/INFO] (Minecraft) Saving chunks for level 'ServerLevel[Dev]'/minecraft:the_end
[14:05:17] [Server thread/INFO] (Minecraft) ThreadedAnvilChunkStorage (Dev): All chunks are saved
[14:05:17] [Server thread/INFO] (Minecraft) ThreadedAnvilChunkStorage (DIM-1): All chunks are saved
[14:05:17] [Server thread/INFO] (Minecraft) ThreadedAnvilChunkStorage (DIM1): All chunks are saved
[14:05:17] [Server thread/INFO] (Minecraft) ThreadedAnvilChunkStorage: All dimensions are saved
[14:05:18] [Render thread/INFO] (Minecraft) Stopping!
[14:05:18] [Render thread/INFO] (ClientLifecycleHandler) Stopping JEI
[14:05:18] [Render thread/INFO] (JeiStarter) Stopping JEI
[14:05:18] [Render thread/INFO] (PluginCaller) Sending Runtime Unavailable...
[14:05:18] [Render thread/INFO] (FabricGuiPlugin) Stopping JEI GUI
[14:05:18] [Render thread/INFO] (PluginCaller) Sending Runtime Unavailable took 445.5 ?s
